TN:
SF:UNIT-BASIC/src/mock/user/user_service.js
FN:2,UserService
FN:7,login
FNF:2
FNH:2
FNDA:2,UserService
FNDA:3,login
DA:1,1
DA:2,1
DA:3,2
DA:4,2
DA:5,2
DA:6,1
DA:7,1
DA:8,3
DA:9,2
DA:10,2
DA:11,2
DA:12,2
DA:13,3
DA:14,1
DA:15,1
DA:16,1
LF:16
LH:16
BRDA:2,0,0,2
BRDA:7,1,0,3
BRDA:8,2,0,2
BRDA:11,3,0,2
BRF:4
BRH:4
end_of_record
TN:
SF:UNIT-BASIC/src/stack/stack.js
FN:2,Stack
FN:7,size
FN:11,push
FN:17,pop
FN:27,peek
FNF:5
FNH:5
FNDA:6,Stack
FNDA:4,size
FNDA:5,push
FNDA:2,pop
FNDA:2,peek
DA:1,1
DA:2,1
DA:3,6
DA:4,6
DA:5,6
DA:6,1
DA:7,1
DA:8,4
DA:9,4
DA:10,1
DA:11,1
DA:12,5
DA:13,5
DA:14,5
DA:15,5
DA:16,1
DA:17,1
DA:18,2
DA:19,1
DA:20,1
DA:21,1
DA:22,1
DA:23,1
DA:24,1
DA:25,1
DA:26,1
DA:27,1
DA:28,2
DA:29,1
DA:30,1
DA:31,1
DA:32,1
DA:33,1
DA:34,1
DA:35,1
LF:35
LH:35
BRDA:2,0,0,6
BRDA:7,1,0,4
BRDA:11,2,0,5
BRDA:17,3,0,2
BRDA:18,4,0,1
BRDA:27,5,0,2
BRDA:28,6,0,1
BRF:7
BRH:7
end_of_record
